#! /usr/bin/vvp
:ivl_version "11.0 (stable)";
:ivl_delay_selection "TYPICAL";
:vpi_time_precision + 0;
:vpi_module "/usr/lib/x86_64-linux-gnu/ivl/system.vpi";
:vpi_module "/usr/lib/x86_64-linux-gnu/ivl/vhdl_sys.vpi";
:vpi_module "/usr/lib/x86_64-linux-gnu/ivl/vhdl_textio.vpi";
:vpi_module "/usr/lib/x86_64-linux-gnu/ivl/v2005_math.vpi";
:vpi_module "/usr/lib/x86_64-linux-gnu/ivl/va_math.vpi";
S_0x57ac3d366200 .scope module, "comp_1b_tb" "comp_1b_tb" 2 8;
 .timescale 0 0;
v0x57ac3d37d080_0 .var "test_in0", 1 0;
v0x57ac3d37d160_0 .var "test_in1", 1 0;
v0x57ac3d37d240_0 .net "test_out", 0 0, L_0x57ac3d37d6a0;  1 drivers
L_0x57ac3d37d800 .part v0x57ac3d37d080_0, 0, 1;
L_0x57ac3d37d8a0 .part v0x57ac3d37d160_0, 0, 1;
S_0x57ac3d366390 .scope module, "C1" "comp_1b" 2 14, 3 14 0, S_0x57ac3d366200;
 .timescale 0 0;
    .port_info 0 /INPUT 1 "i0";
    .port_info 1 /INPUT 1 "i1";
    .port_info 2 /OUTPUT 1 "eq";
L_0x57ac3d37d2e0 .functor AND 1, L_0x57ac3d37d800, L_0x57ac3d37d8a0, C4<1>, C4<1>;
L_0x57ac3d37d3b0 .functor NOT 1, L_0x57ac3d37d800, C4<0>, C4<0>, C4<0>;
L_0x57ac3d37d4a0 .functor NOT 1, L_0x57ac3d37d8a0, C4<0>, C4<0>, C4<0>;
L_0x57ac3d37d560 .functor AND 1, L_0x57ac3d37d3b0, L_0x57ac3d37d4a0, C4<1>, C4<1>;
L_0x57ac3d37d6a0 .functor OR 1, L_0x57ac3d37d2e0, L_0x57ac3d37d560, C4<0>, C4<0>;
v0x57ac3d32d0f0_0 .net *"_ivl_0", 0 0, L_0x57ac3d37d2e0;  1 drivers
v0x57ac3d37caf0_0 .net *"_ivl_2", 0 0, L_0x57ac3d37d3b0;  1 drivers
v0x57ac3d37cbd0_0 .net *"_ivl_4", 0 0, L_0x57ac3d37d4a0;  1 drivers
v0x57ac3d37cc90_0 .net *"_ivl_6", 0 0, L_0x57ac3d37d560;  1 drivers
v0x57ac3d37cd70_0 .net "eq", 0 0, L_0x57ac3d37d6a0;  alias, 1 drivers
v0x57ac3d37ce80_0 .net "i0", 0 0, L_0x57ac3d37d800;  1 drivers
v0x57ac3d37cf40_0 .net "i1", 0 0, L_0x57ac3d37d8a0;  1 drivers
    .scope S_0x57ac3d366200;
T_0 ;
    %vpi_call 2 24 "$dumpfile", "comp_1b_tb.vcd" {0 0 0};
    %vpi_call 2 25 "$dumpvars", 32'sb00000000000000000000000000000000, S_0x57ac3d366200 {0 0 0};
    %pushi/vec4 0, 0, 2;
    %store/vec4 v0x57ac3d37d080_0, 0, 2;
    %pushi/vec4 0, 0, 2;
    %store/vec4 v0x57ac3d37d160_0, 0, 2;
    %delay 20, 0;
    %load/vec4 v0x57ac3d37d240_0;
    %pad/u 32;
    %cmpi/e 0, 0, 32;
    %jmp/0xz  T_0.0, 4;
    %vpi_call 2 32 "$display", "ERROR! Comparador no funciono" {0 0 0};
    %jmp T_0.1;
T_0.0 ;
    %vpi_call 2 34 "$display", "Comparador OK." {0 0 0};
T_0.1 ;
    %pushi/vec4 0, 0, 2;
    %store/vec4 v0x57ac3d37d080_0, 0, 2;
    %pushi/vec4 1, 0, 2;
    %store/vec4 v0x57ac3d37d160_0, 0, 2;
    %delay 40, 0;
    %load/vec4 v0x57ac3d37d240_0;
    %pad/u 32;
    %cmpi/e 1, 0, 32;
    %jmp/0xz  T_0.2, 4;
    %vpi_call 2 40 "$display", "ERROR! Comparador no funciono" {0 0 0};
    %jmp T_0.3;
T_0.2 ;
    %vpi_call 2 42 "$display", "Comparador OK." {0 0 0};
T_0.3 ;
    %pushi/vec4 1, 0, 2;
    %store/vec4 v0x57ac3d37d080_0, 0, 2;
    %pushi/vec4 0, 0, 2;
    %store/vec4 v0x57ac3d37d160_0, 0, 2;
    %delay 60, 0;
    %load/vec4 v0x57ac3d37d240_0;
    %pad/u 32;
    %cmpi/e 1, 0, 32;
    %jmp/0xz  T_0.4, 4;
    %vpi_call 2 48 "$display", "ERROR! Comparador no funciono" {0 0 0};
    %jmp T_0.5;
T_0.4 ;
    %vpi_call 2 50 "$display", "Comparador OK." {0 0 0};
T_0.5 ;
    %pushi/vec4 1, 0, 2;
    %store/vec4 v0x57ac3d37d080_0, 0, 2;
    %pushi/vec4 1, 0, 2;
    %store/vec4 v0x57ac3d37d160_0, 0, 2;
    %delay 80, 0;
    %load/vec4 v0x57ac3d37d240_0;
    %pad/u 32;
    %cmpi/e 0, 0, 32;
    %jmp/0xz  T_0.6, 4;
    %vpi_call 2 56 "$display", "ERROR! Comparador no funciono" {0 0 0};
    %jmp T_0.7;
T_0.6 ;
    %vpi_call 2 58 "$display", "Comparador OK." {0 0 0};
T_0.7 ;
    %delay 99, 0;
    %vpi_call 2 60 "$display", "FIN de la simulacion" {0 0 0};
    %delay 100, 0;
    %vpi_call 2 61 "$finish" {0 0 0};
    %end;
    .thread T_0;
# The file index is used to find the file name in the following table.
:file_names 4;
    "N/A";
    "<interactive>";
    "comp_1b_tb.v";
    "comp_1b.v";
